\BOOKMARK [0][-]{chapter.1}{Introduction}{}% 1
\BOOKMARK [1][-]{section.1.1}{Overview}{chapter.1}% 2
\BOOKMARK [1][-]{section.1.2}{Dependencies}{chapter.1}% 3
\BOOKMARK [1][-]{section.1.3}{Modules}{chapter.1}% 4
\BOOKMARK [1][-]{section.1.4}{Acknowledgements}{chapter.1}% 5
\BOOKMARK [0][-]{chapter.2}{Project Summary}{}% 6
\BOOKMARK [1][-]{section.2.1}{Modules}{chapter.2}% 7
\BOOKMARK [1][-]{section.2.2}{Config File}{chapter.2}% 8
\BOOKMARK [1][-]{section.2.3}{Examples}{chapter.2}% 9
\BOOKMARK [1][-]{section.2.4}{dimgname convention}{chapter.2}% 10
\BOOKMARK [1][-]{section.2.5}{ROI.shp format}{chapter.2}% 11
\BOOKMARK [0][-]{chapter.3}{Using SigLib}{}% 12
\BOOKMARK [0][-]{chapter.4}{TODO}{}% 13
\BOOKMARK [1][-]{section.4.1}{SigLib.py}{chapter.4}% 14
\BOOKMARK [1][-]{section.4.2}{Metadata.py}{chapter.4}% 15
\BOOKMARK [1][-]{section.4.3}{Database.py}{chapter.4}% 16
\BOOKMARK [1][-]{section.4.4}{Image.py}{chapter.4}% 17
\BOOKMARK [1][-]{section.4.5}{Util.py}{chapter.4}% 18
\BOOKMARK [1][-]{section.4.6}{Sphinx}{chapter.4}% 19
\BOOKMARK [0][-]{chapter.5}{SigLib API}{}% 20
\BOOKMARK [1][-]{section.5.1}{SigLib}{chapter.5}% 21
\BOOKMARK [1][-]{section.5.2}{Metadata}{chapter.5}% 22
\BOOKMARK [1][-]{section.5.3}{Image Processing}{chapter.5}% 23
\BOOKMARK [1][-]{section.5.4}{Database}{chapter.5}% 24
\BOOKMARK [1][-]{section.5.5}{Utilities}{chapter.5}% 25
\BOOKMARK [0][-]{chapter.6}{Indices and tables}{}% 26
\BOOKMARK [0][-]{section*.94}{Python Module Index}{}% 27
\BOOKMARK [0][-]{section*.95}{Index}{}% 28
