\BOOKMARK [0][-]{chapter.1}{Overview of the Project}{}% 1
\BOOKMARK [1][-]{section.1.1}{Introduction}{chapter.1}% 2
\BOOKMARK [1][-]{section.1.2}{Acknowledgements}{chapter.1}% 3
\BOOKMARK [0][-]{chapter.2}{Setup}{}% 4
\BOOKMARK [1][-]{section.2.1}{SigLib}{chapter.2}% 5
\BOOKMARK [1][-]{section.2.2}{Postgres/PostGIS}{chapter.2}% 6
\BOOKMARK [0][-]{chapter.3}{Modules}{}% 7
\BOOKMARK [0][-]{chapter.4}{Config File}{}% 8
\BOOKMARK [0][-]{chapter.5}{A Note on Projections}{}% 9
\BOOKMARK [0][-]{chapter.6}{Dimgname Convention}{}% 10
\BOOKMARK [0][-]{chapter.7}{ROI.shp format}{}% 11
\BOOKMARK [0][-]{chapter.8}{Using SigLib}{}% 12
\BOOKMARK [1][-]{section.8.1}{Basic SigLib Setup}{chapter.8}% 13
\BOOKMARK [1][-]{section.8.2}{Example \0431: Basic Radarsat2 Image Calibration using SigLib}{chapter.8}% 14
\BOOKMARK [1][-]{section.8.3}{Example \0432: Discover Radarsat metadata and upload to a geodatabase}{chapter.8}% 15
\BOOKMARK [1][-]{section.8.4}{Example \0433: Scientific Mode!}{chapter.8}% 16
\BOOKMARK [1][-]{section.8.5}{Example \0434: Polarimetric Mode!}{chapter.8}% 17
\BOOKMARK [1][-]{section.8.6}{Conclusion}{chapter.8}% 18
\BOOKMARK [0][-]{chapter.9}{SigLib API}{}% 19
\BOOKMARK [1][-]{section.9.1}{SigLib}{chapter.9}% 20
\BOOKMARK [1][-]{section.9.2}{Metadata}{chapter.9}% 21
\BOOKMARK [1][-]{section.9.3}{Image}{chapter.9}% 22
\BOOKMARK [1][-]{section.9.4}{Database}{chapter.9}% 23
\BOOKMARK [1][-]{section.9.5}{Utilities}{chapter.9}% 24
\BOOKMARK [0][-]{section*.108}{Python Module Index}{}% 25
\BOOKMARK [0][-]{section*.109}{Index}{}% 26
